------------------------------------------------------------------------------------------------------------------------

[2019-11-07 12:34:52 #1 store] 
Database 'C:\_uni\ift287\ift287_TP3\smeg.odb' is opened by 11612@Gandalf

[2019-11-07 12:34:52 #2 store] 
Configuration path: ?

[2019-11-07 12:39:54 #3 type.registry] 
New type JardinCollectif.Data.Plante

------------------------------------------------------------------------------------------------------------------------

[2019-11-07 12:42:28 #1 store] 
Database 'C:\_uni\ift287\ift287_TP3\smeg.odb' has been recovered (tr. 1-3)

[2019-11-07 12:42:28 #2 store] 
Database 'C:\_uni\ift287\ift287_TP3\smeg.odb' is opened by 14736@Gandalf

[2019-11-07 12:42:28 #3 store] 
Configuration path: ?

[2019-11-07 12:42:28 #4 type] 
Type JardinCollectif.Data.Plante is not enhanced.

[2019-11-07 12:53:03 #5 store] 
Database 'C:\_uni\ift287\ift287_TP3\smeg.odb' is closed by 14736@Gandalf

------------------------------------------------------------------------------------------------------------------------

[2019-11-07 12:53:13 #1 store] 
Database 'C:\_uni\ift287\ift287_TP3\smeg.odb' is opened by 17424@Gandalf

[2019-11-07 12:53:13 #2 store] 
Configuration path: ?

[2019-11-07 12:53:13 #3 type] 
Type JardinCollectif.Data.Plante is not enhanced.

[2019-11-07 12:53:16 #4 store] 
Database 'C:\_uni\ift287\ift287_TP3\smeg.odb' is closed by 17424@Gandalf

